[2018-04-10 20:19:49][uNdr446WCcVixZCHESwNFcjGcqHFKvZb] Processing: Asgard\Jobs\Update\Character
[2018-04-10 20:19:49][uNdr446WCcVixZCHESwNFcjGcqHFKvZb] Processed:  Asgard\Jobs\Update\Character
[2018-04-10 20:19:49][ZmdDEMRzB8qN5k0AhaxJDDFwRKJqNLDa] Processing: Asgard\Listeners\RedditAccessCheck
[2018-04-10 20:19:49][ZmdDEMRzB8qN5k0AhaxJDDFwRKJqNLDa] Processed:  Asgard\Listeners\RedditAccessCheck
[2018-04-10 20:19:49][pv0wM4xv3LYAEtx21AaqRHppLEdcHmTU] Processing: Asgard\Listeners\DiscordAccessCheck
[2018-04-10 20:19:49][pv0wM4xv3LYAEtx21AaqRHppLEdcHmTU] Processed:  Asgard\Listeners\DiscordAccessCheck
[2018-04-10 20:19:49][GFOjdkqqP45ezvov0zus9FitANKuUdSM] Processing: Asgard\Jobs\Eve\Skills
[2018-04-10 20:19:51][GFOjdkqqP45ezvov0zus9FitANKuUdSM] Processed:  Asgard\Jobs\Eve\Skills
[2018-04-10 20:19:51][mnAYxoZr4skCFpiG4Dw0Y72YIGXXMmCY] Processing: Asgard\Jobs\Eve\Skillqueue
[2018-04-10 20:19:52][mnAYxoZr4skCFpiG4Dw0Y72YIGXXMmCY] Processed:  Asgard\Jobs\Eve\Skillqueue
[2018-04-10 20:19:52][RROlVSfqbkkLyHPRmNVdqD8HnP1RLVjh] Processing: Asgard\Jobs\Eve\CorporationHistory
[2018-04-10 20:19:52][RROlVSfqbkkLyHPRmNVdqD8HnP1RLVjh] Processed:  Asgard\Jobs\Eve\CorporationHistory
[2018-04-10 20:19:52][7jgFdhKK60RQhtTrvWASn8Dt7cKQZxJt] Processing: Asgard\Jobs\Eve\Fatigue
[2018-04-10 20:19:54][7jgFdhKK60RQhtTrvWASn8Dt7cKQZxJt] Processed:  Asgard\Jobs\Eve\Fatigue
[2018-04-10 20:19:54][8czT8y05VcFAn9Y7MfKWUAwf3mcOYNjr] Processing: Asgard\Jobs\Eve\CorporationRoles
[2018-04-10 20:19:54][8czT8y05VcFAn9Y7MfKWUAwf3mcOYNjr] Processed:  Asgard\Jobs\Eve\CorporationRoles
[2018-04-10 20:19:54][EC5fIYkoftGQPC08ImlntCewdm28y2mO] Processing: Asgard\Jobs\Eve\Titles
[2018-04-10 20:19:55][EC5fIYkoftGQPC08ImlntCewdm28y2mO] Processed:  Asgard\Jobs\Eve\Titles
[2018-04-10 20:19:56][RpVq35mnkNAR9r8Gqok444yxbyJMZXrr] Processing: Asgard\Jobs\Eve\Contacts
[2018-04-10 20:20:19][RpVq35mnkNAR9r8Gqok444yxbyJMZXrr] Processed:  Asgard\Jobs\Eve\Contacts
[2018-04-10 20:20:19][v8EWfzyUGM5DzvDGbFwCxhQ0aOSu1IxV] Processing: Asgard\Jobs\Eve\Assets
[2018-04-10 20:20:28][v8EWfzyUGM5DzvDGbFwCxhQ0aOSu1IxV] Processed:  Asgard\Jobs\Eve\Assets
[2018-04-10 20:20:28][kbSLuiEiZmKzsC69vcYTBbogqGyaCi3x] Processing: Asgard\Jobs\Eve\Mails
[2018-04-10 20:20:37][kbSLuiEiZmKzsC69vcYTBbogqGyaCi3x] Processing: Asgard\Jobs\Eve\Mails
[2018-04-10 20:20:39][kbSLuiEiZmKzsC69vcYTBbogqGyaCi3x] Processing: Asgard\Jobs\Eve\Mails
[2018-04-10 20:20:41][kbSLuiEiZmKzsC69vcYTBbogqGyaCi3x] Failed:     Asgard\Jobs\Eve\Mails
[2018-04-10 20:22:02][SVsSpwAr34RHTWgUeETeJ0mNs7fzoNbL] Processing: Eyewitness\Eye\Queue\Jobs\Sonar
[2018-04-10 20:22:02][SVsSpwAr34RHTWgUeETeJ0mNs7fzoNbL] Processed:  Eyewitness\Eye\Queue\Jobs\Sonar
[2018-04-10 20:23:02][b4DfR1mBn7kNUOPlDNn88pK5Bpu1BeRR] Processing: Eyewitness\Eye\Queue\Jobs\Sonar
[2018-04-10 20:23:02][b4DfR1mBn7kNUOPlDNn88pK5Bpu1BeRR] Processed:  Eyewitness\Eye\Queue\Jobs\Sonar
[2018-04-10 20:24:02][ok6hf84h7V4v8BY4KqjmxYQfZjPU7Vo9] Processing: Eyewitness\Eye\Queue\Jobs\Sonar
[2018-04-10 20:24:02][ok6hf84h7V4v8BY4KqjmxYQfZjPU7Vo9] Processed:  Eyewitness\Eye\Queue\Jobs\Sonar
[2018-04-10 20:26:03][8C5pg9BLRU5xY19YFfoak9aNmR8fV2lo] Processing: Eyewitness\Eye\Queue\Jobs\Sonar
[2018-04-10 20:26:03][8C5pg9BLRU5xY19YFfoak9aNmR8fV2lo] Processed:  Eyewitness\Eye\Queue\Jobs\Sonar
[2018-04-10 20:27:02][Ef040pxeIR5JKEerbbTdwpuOPNDeuMe4] Processing: Eyewitness\Eye\Queue\Jobs\Sonar
[2018-04-10 20:27:02][Ef040pxeIR5JKEerbbTdwpuOPNDeuMe4] Processed:  Eyewitness\Eye\Queue\Jobs\Sonar
[2018-04-10 20:28:02][hgfmCAw7IaOwsxgdkOBnmkQu5yTY8K19] Processing: Eyewitness\Eye\Queue\Jobs\Sonar
[2018-04-10 20:28:02][hgfmCAw7IaOwsxgdkOBnmkQu5yTY8K19] Processed:  Eyewitness\Eye\Queue\Jobs\Sonar
[2018-04-10 20:29:02][W2YKnDf0tLXljuNWtn56POxuTTSezlA6] Processing: Eyewitness\Eye\Queue\Jobs\Sonar
[2018-04-10 20:29:02][W2YKnDf0tLXljuNWtn56POxuTTSezlA6] Processed:  Eyewitness\Eye\Queue\Jobs\Sonar
[2018-04-10 20:31:02][1MwfXF2WnMFAtdhY4j6mq4ZBRvku18My] Processing: Eyewitness\Eye\Queue\Jobs\Sonar
[2018-04-10 20:31:02][1MwfXF2WnMFAtdhY4j6mq4ZBRvku18My] Processed:  Eyewitness\Eye\Queue\Jobs\Sonar
[2018-04-10 20:32:02][G4mXhssnbAXhdfNaz83RyKDoULAAaksy] Processing: Eyewitness\Eye\Queue\Jobs\Sonar
[2018-04-10 20:32:02][G4mXhssnbAXhdfNaz83RyKDoULAAaksy] Processed:  Eyewitness\Eye\Queue\Jobs\Sonar
[2018-04-10 20:33:02][9Xv5y388Om3h3YWC8Ir9Ws9EzMJSwiKW] Processing: Eyewitness\Eye\Queue\Jobs\Sonar
[2018-04-10 20:33:02][9Xv5y388Om3h3YWC8Ir9Ws9EzMJSwiKW] Processed:  Eyewitness\Eye\Queue\Jobs\Sonar
[2018-04-10 20:34:02][U5rixvgfIC4XhcVKLiUA9OBVQJTAQvm6] Processing: Eyewitness\Eye\Queue\Jobs\Sonar
[2018-04-10 20:34:02][U5rixvgfIC4XhcVKLiUA9OBVQJTAQvm6] Processed:  Eyewitness\Eye\Queue\Jobs\Sonar
[2018-04-10 20:36:03][5nUYb4UCLvJXqDmKrHek4Gm8cMmz0uqj] Processing: Eyewitness\Eye\Queue\Jobs\Sonar
[2018-04-10 20:36:03][5nUYb4UCLvJXqDmKrHek4Gm8cMmz0uqj] Processed:  Eyewitness\Eye\Queue\Jobs\Sonar
[2018-04-10 20:37:03][TJ1tk0hzU7ZlKR82TPa9lRXlzqAA3I07] Processing: Eyewitness\Eye\Queue\Jobs\Sonar
[2018-04-10 20:37:03][TJ1tk0hzU7ZlKR82TPa9lRXlzqAA3I07] Processed:  Eyewitness\Eye\Queue\Jobs\Sonar
[2018-04-10 20:38:03][l5geqHeZDuvsplMTckjyITL26iXjocXY] Processing: Eyewitness\Eye\Queue\Jobs\Sonar
[2018-04-10 20:38:03][l5geqHeZDuvsplMTckjyITL26iXjocXY] Processed:  Eyewitness\Eye\Queue\Jobs\Sonar
[2018-04-10 20:39:03][AIkkINiLGjqFPRuJc54mCC1uyeemqOLE] Processing: Eyewitness\Eye\Queue\Jobs\Sonar
[2018-04-10 20:39:03][AIkkINiLGjqFPRuJc54mCC1uyeemqOLE] Processed:  Eyewitness\Eye\Queue\Jobs\Sonar
[2018-04-10 20:43:12][JBbp6nIha4LQYIRf91tjztqPKEQIiqfF] Processing: Asgard\Listeners\RedditAccessCheck
[2018-04-10 20:43:12][JBbp6nIha4LQYIRf91tjztqPKEQIiqfF] Failed:     Asgard\Listeners\RedditAccessCheck
[2018-04-10 20:43:12][9MYyCskwPZ5G6Vmwt3BEmzkOmdt31gb6] Processing: Asgard\Listeners\DiscordAccessCheck
[2018-04-10 20:43:12][9MYyCskwPZ5G6Vmwt3BEmzkOmdt31gb6] Failed:     Asgard\Listeners\DiscordAccessCheck
[2018-04-10 20:43:12][IhhQ1ZoquE0BPyKQ9cvhbdEQAfdBcXRp] Processing: Asgard\Jobs\Update\InitialCharacterSetup
[2018-04-10 20:43:12][IhhQ1ZoquE0BPyKQ9cvhbdEQAfdBcXRp] Failed:     Asgard\Jobs\Update\InitialCharacterSetup
[2018-04-10 20:47:43][72BIEAc0gp2K08HQhlJCy5PaEamNFfOz] Processing: Asgard\Listeners\RedditAccessCheck
[2018-04-10 20:47:43][72BIEAc0gp2K08HQhlJCy5PaEamNFfOz] Processed:  Asgard\Listeners\RedditAccessCheck
[2018-04-10 20:47:43][mDWhufsNBSyAhcn6KixUywdFINKhS12X] Processing: Asgard\Listeners\RedditAccessCheck
[2018-04-10 20:47:43][fg0bK1rloPFd8ZEh9YxB0vnXrBgaI62j] Processing: Asgard\Listeners\DiscordAccessCheck
[2018-04-10 20:47:43][mDWhufsNBSyAhcn6KixUywdFINKhS12X] Processed:  Asgard\Listeners\RedditAccessCheck
[2018-04-10 20:47:43][Es53gM4gGBkqMNPdjYxKDUfGNmbr2RE5] Processing: Asgard\Listeners\DiscordAccessCheck
[2018-04-10 20:47:43][Es53gM4gGBkqMNPdjYxKDUfGNmbr2RE5] Processed:  Asgard\Listeners\DiscordAccessCheck
[2018-04-10 20:47:43][znCeHL2SkuLqFpZmhVGvyc31CUuli6jR] Processing: Asgard\Jobs\Update\InitialCharacterSetup
[2018-04-10 20:47:43][fg0bK1rloPFd8ZEh9YxB0vnXrBgaI62j] Processed:  Asgard\Listeners\DiscordAccessCheck
[2018-04-10 20:47:43][znCeHL2SkuLqFpZmhVGvyc31CUuli6jR] Processed:  Asgard\Jobs\Update\InitialCharacterSetup
[2018-04-10 20:47:43][JZEdiMsrm6Bopee0S7LI9JeUR4vEBjfY] Processing: Asgard\Jobs\Eve\Location
[2018-04-10 20:47:45][JZEdiMsrm6Bopee0S7LI9JeUR4vEBjfY] Processed:  Asgard\Jobs\Eve\Location
[2018-04-10 20:47:45][zpvzfTUgzellOSYSdnQujvC8GiyjYA1J] Processing: Asgard\Jobs\Eve\CorporationHistory
[2018-04-10 20:47:46][zpvzfTUgzellOSYSdnQujvC8GiyjYA1J] Processed:  Asgard\Jobs\Eve\CorporationHistory
[2018-04-10 21:00:00][n1kmnI1FDqywNMKd1rJdyZuXfgwmvJjU] Processing: Asgard\Listeners\RedditAccessCheck
[2018-04-10 21:00:00][n1kmnI1FDqywNMKd1rJdyZuXfgwmvJjU] Failed:     Asgard\Listeners\RedditAccessCheck
[2018-04-10 21:00:00][DpwPGNCBCx8hJcqAzLmLM53zsIWN8Hro] Processing: Asgard\Listeners\DiscordAccessCheck
[2018-04-10 21:00:00][DpwPGNCBCx8hJcqAzLmLM53zsIWN8Hro] Failed:     Asgard\Listeners\DiscordAccessCheck
[2018-04-10 21:00:00][MdWcGxUDWNqy6sxMdtPOa3v88rSvyRbI] Processing: Asgard\Jobs\Update\InitialCharacterSetup
[2018-04-10 21:00:00][MdWcGxUDWNqy6sxMdtPOa3v88rSvyRbI] Failed:     Asgard\Jobs\Update\InitialCharacterSetup
[2018-04-11 18:22:59][gcZ1pQNLacb8BdXar4leIgpnO7vBFV1s] Processing: Asgard\Jobs\Update\Character
[2018-04-11 18:22:59][gcZ1pQNLacb8BdXar4leIgpnO7vBFV1s] Processed:  Asgard\Jobs\Update\Character
[2018-04-11 18:22:59][dEFRWn4xtRsazRqZULtLQLt8ZKD31Xen] Processing: Asgard\Listeners\RedditAccessCheck
[2018-04-11 18:22:59][dEFRWn4xtRsazRqZULtLQLt8ZKD31Xen] Processed:  Asgard\Listeners\RedditAccessCheck
[2018-04-11 18:22:59][Apd8pjlTP4e9KNJDqJftf31BVR4Kif79] Processing: Asgard\Listeners\DiscordAccessCheck
[2018-04-11 18:22:59][Apd8pjlTP4e9KNJDqJftf31BVR4Kif79] Processed:  Asgard\Listeners\DiscordAccessCheck
[2018-04-11 18:22:59][SW6XiGlMt8nJF0BWsCHDXbHXgXWLyRFn] Processing: Asgard\Jobs\Eve\Character\Skills
[2018-04-11 18:23:00][SW6XiGlMt8nJF0BWsCHDXbHXgXWLyRFn] Processed:  Asgard\Jobs\Eve\Character\Skills
[2018-04-11 18:23:00][3q93iiDe4xyX2HuHejT2D3lDISS7INST] Processing: Asgard\Jobs\Eve\Character\Skillqueue
[2018-04-11 18:23:00][3q93iiDe4xyX2HuHejT2D3lDISS7INST] Processed:  Asgard\Jobs\Eve\Character\Skillqueue
[2018-04-11 18:23:00][bF511ZTC7wyOhAfegfMDuRUUP4QFBCzu] Processing: Asgard\Jobs\Eve\Character\CorporationHistory
[2018-04-11 18:23:01][bF511ZTC7wyOhAfegfMDuRUUP4QFBCzu] Processed:  Asgard\Jobs\Eve\Character\CorporationHistory
[2018-04-11 18:23:01][FhE36GMXfjdQIGR2JHfS9FrnQPsGepLl] Processing: Asgard\Jobs\Eve\Character\Fatigue
[2018-04-11 18:23:02][FhE36GMXfjdQIGR2JHfS9FrnQPsGepLl] Processed:  Asgard\Jobs\Eve\Character\Fatigue
[2018-04-11 18:23:02][HScADzcdAV2WptvKGvpSxbMPoCSgVWcE] Processing: Asgard\Jobs\Eve\Character\CorporationRoles
[2018-04-11 18:23:02][HScADzcdAV2WptvKGvpSxbMPoCSgVWcE] Processed:  Asgard\Jobs\Eve\Character\CorporationRoles
[2018-04-11 18:23:02][tv8VxPfaiEwLf52tkexjJDxEIqcLoRmu] Processing: Asgard\Jobs\Eve\Character\Titles
[2018-04-11 18:23:02][tv8VxPfaiEwLf52tkexjJDxEIqcLoRmu] Processed:  Asgard\Jobs\Eve\Character\Titles
[2018-04-11 18:23:02][RCqiRfY7xc1ZvM7Q16RlEGfv7uPXx89W] Processing: Asgard\Jobs\Eve\Character\Contacts
[2018-04-11 18:23:08][RCqiRfY7xc1ZvM7Q16RlEGfv7uPXx89W] Processed:  Asgard\Jobs\Eve\Character\Contacts
[2018-04-11 18:23:08][ejTfBsfEpp8ZcwBAPrtNTGozN0ntL9so] Processing: Asgard\Jobs\Eve\Character\Assets
[2018-04-11 18:23:20][ejTfBsfEpp8ZcwBAPrtNTGozN0ntL9so] Processed:  Asgard\Jobs\Eve\Character\Assets
[2018-04-11 18:23:20][kdmQbliooxwrE20Blde0lw6Y0MuBo3VQ] Processing: Asgard\Jobs\Eve\Character\Mails
[2018-04-11 18:23:29][kdmQbliooxwrE20Blde0lw6Y0MuBo3VQ] Failed:     Asgard\Jobs\Eve\Character\Mails
[2018-04-11 18:25:44][5TruXq8qLmaK3iitl1S7ZcvH6x3xLQBL] Processing: Asgard\Jobs\Eve\Character\Location
[2018-04-11 18:25:49][5TruXq8qLmaK3iitl1S7ZcvH6x3xLQBL] Processed:  Asgard\Jobs\Eve\Character\Location
[2018-04-11 18:29:31][oRHuZWJZhflIekEkfwmdXsg1yfILsc8B] Processing: Asgard\Listeners\RedditAccessCheck
[2018-04-11 18:29:31][oRHuZWJZhflIekEkfwmdXsg1yfILsc8B] Processed:  Asgard\Listeners\RedditAccessCheck
[2018-04-11 18:29:31][La1VUEB3iRBz0rxNgK3lAnHiQqZJ0bQM] Processing: Asgard\Listeners\DiscordAccessCheck
[2018-04-11 18:29:31][La1VUEB3iRBz0rxNgK3lAnHiQqZJ0bQM] Processed:  Asgard\Listeners\DiscordAccessCheck
[2018-04-11 18:29:31][1hlPt8SwJSPXCM84qIzIHcp2DBLRki2A] Processing: Asgard\Listeners\RedditAccessCheck
[2018-04-11 18:29:31][1hlPt8SwJSPXCM84qIzIHcp2DBLRki2A] Processed:  Asgard\Listeners\RedditAccessCheck
[2018-04-11 18:29:31][TWTPhwYqd3ivPFO97Lu9FxxE4po8FdZ1] Processing: Asgard\Listeners\DiscordAccessCheck
[2018-04-11 18:29:31][TWTPhwYqd3ivPFO97Lu9FxxE4po8FdZ1] Processed:  Asgard\Listeners\DiscordAccessCheck
[2018-04-11 18:29:31][AMnETsXMdMOhkrJTBF7UhX4CWl9UeCe7] Processing: Asgard\Jobs\Update\InitialCharacterSetup
[2018-04-11 18:29:31][AMnETsXMdMOhkrJTBF7UhX4CWl9UeCe7] Processed:  Asgard\Jobs\Update\InitialCharacterSetup
[2018-04-11 18:29:31][g2DkQ6vvYCjmArZMVvm32qICOonzRMZt] Processing: Asgard\Jobs\Update\Character
[2018-04-11 18:29:31][g2DkQ6vvYCjmArZMVvm32qICOonzRMZt] Processed:  Asgard\Jobs\Update\Character
[2018-04-11 18:29:31][bF5aeWR5D7ONkZNAHcacTNac7obOrg9s] Processing: Asgard\Listeners\RedditAccessCheck
[2018-04-11 18:29:31][bF5aeWR5D7ONkZNAHcacTNac7obOrg9s] Processed:  Asgard\Listeners\RedditAccessCheck
[2018-04-11 18:29:31][GnyRq2IbDnlsxaP7IcqTCnN2ht7LuN7Q] Processing: Asgard\Listeners\DiscordAccessCheck
[2018-04-11 18:29:31][GnyRq2IbDnlsxaP7IcqTCnN2ht7LuN7Q] Processed:  Asgard\Listeners\DiscordAccessCheck
[2018-04-11 18:29:31][OrHbJmiSpanN3BeQGc2qUy9PiKOpk1Yc] Processing: Asgard\Jobs\Eve\Character\Location
[2018-04-11 18:29:33][OrHbJmiSpanN3BeQGc2qUy9PiKOpk1Yc] Processed:  Asgard\Jobs\Eve\Character\Location
[2018-04-11 18:29:33][qCeon3XYoAuNqjyRzmrDDMghoRlrLZim] Processing: Asgard\Jobs\Eve\Character\Skills
[2018-04-11 18:29:34][qCeon3XYoAuNqjyRzmrDDMghoRlrLZim] Processed:  Asgard\Jobs\Eve\Character\Skills
[2018-04-11 18:29:34][0mNJZgdRB2MdFjIGMfS5lWcQrKbaB617] Processing: Asgard\Jobs\Eve\Character\Skillqueue
[2018-04-11 18:29:36][0mNJZgdRB2MdFjIGMfS5lWcQrKbaB617] Processed:  Asgard\Jobs\Eve\Character\Skillqueue
[2018-04-11 18:29:36][Gkoof6eFPhrG14dZFXWzDtAefitcMmF7] Processing: Asgard\Jobs\Eve\Character\CorporationHistory
[2018-04-11 18:29:37][Gkoof6eFPhrG14dZFXWzDtAefitcMmF7] Processed:  Asgard\Jobs\Eve\Character\CorporationHistory
[2018-04-11 18:29:37][cltaThddpvUZ3SB38PbUSKVcCOlWRqWC] Processing: Asgard\Jobs\Eve\Character\Fatigue
[2018-04-11 18:29:38][cltaThddpvUZ3SB38PbUSKVcCOlWRqWC] Processed:  Asgard\Jobs\Eve\Character\Fatigue
[2018-04-11 18:29:38][goYswgPQlA6zPbRF9jPDYRYJ8awyzYMC] Processing: Asgard\Jobs\Eve\Character\CorporationRoles
[2018-04-11 18:29:38][goYswgPQlA6zPbRF9jPDYRYJ8awyzYMC] Processed:  Asgard\Jobs\Eve\Character\CorporationRoles
[2018-04-11 18:29:38][zmU1x8fEzTDOxU1HuTo4fveCyBUdpIYs] Processing: Asgard\Jobs\Eve\Character\Titles
[2018-04-11 18:29:38][zmU1x8fEzTDOxU1HuTo4fveCyBUdpIYs] Processed:  Asgard\Jobs\Eve\Character\Titles
[2018-04-11 18:29:38][N61hJUMSz8n1AvueppV8O4aIce5Vdnue] Processing: Asgard\Jobs\Eve\Character\Contacts
[2018-04-11 18:29:43][N61hJUMSz8n1AvueppV8O4aIce5Vdnue] Processed:  Asgard\Jobs\Eve\Character\Contacts
[2018-04-11 18:29:43][PHfwKhUomR9Nmb24DW9kOpt3q8k69ZN8] Processing: Asgard\Jobs\Eve\Character\Assets
[2018-04-11 18:29:48][PHfwKhUomR9Nmb24DW9kOpt3q8k69ZN8] Processed:  Asgard\Jobs\Eve\Character\Assets
[2018-04-11 18:29:48][WSRSBngpSx3dlRji59VoxhFppdnhnZXA] Processing: Asgard\Jobs\Eve\Character\Mails
[2018-04-11 18:29:53][WSRSBngpSx3dlRji59VoxhFppdnhnZXA] Failed:     Asgard\Jobs\Eve\Character\Mails
[2018-04-11 18:34:25][XQf48GD1Nd40zkpRWe7Qib6a9d4BWx0r] Processing: Asgard\Listeners\RedditAccessCheck
[2018-04-11 18:34:25][XQf48GD1Nd40zkpRWe7Qib6a9d4BWx0r] Processed:  Asgard\Listeners\RedditAccessCheck
[2018-04-11 18:34:25][cIzYrcUPD6RvvY0ieyS7BMlg1RfvToxh] Processing: Asgard\Listeners\DiscordAccessCheck
[2018-04-11 18:34:25][cIzYrcUPD6RvvY0ieyS7BMlg1RfvToxh] Processed:  Asgard\Listeners\DiscordAccessCheck
[2018-04-11 18:34:25][XKmfV2XMFOfpvmTW6pCpSnKAYS7ZPWMZ] Processing: Asgard\Listeners\RedditAccessCheck
[2018-04-11 18:34:25][XKmfV2XMFOfpvmTW6pCpSnKAYS7ZPWMZ] Processed:  Asgard\Listeners\RedditAccessCheck
[2018-04-11 18:34:25][skxaT4PeqR57vDxrpILiCnQ5HCd4hBg0] Processing: Asgard\Listeners\DiscordAccessCheck
[2018-04-11 18:34:25][skxaT4PeqR57vDxrpILiCnQ5HCd4hBg0] Processed:  Asgard\Listeners\DiscordAccessCheck
[2018-04-11 18:34:25][Xbrwr2LG9jY46R24rBzXsZOD9tQSDOZB] Processing: Asgard\Jobs\Update\InitialCharacterSetup
[2018-04-11 18:34:25][Xbrwr2LG9jY46R24rBzXsZOD9tQSDOZB] Processed:  Asgard\Jobs\Update\InitialCharacterSetup
[2018-04-11 18:34:25][TTvQoPV3HuClJ9hTudOjxCN8g19NPg1D] Processing: Asgard\Jobs\Update\Character
[2018-04-11 18:34:25][TTvQoPV3HuClJ9hTudOjxCN8g19NPg1D] Processed:  Asgard\Jobs\Update\Character
[2018-04-11 18:34:25][zyK99SL9F4PawRzcqqc3amuxXhjJIbQ6] Processing: Asgard\Listeners\RedditAccessCheck
[2018-04-11 18:34:25][zyK99SL9F4PawRzcqqc3amuxXhjJIbQ6] Processed:  Asgard\Listeners\RedditAccessCheck
[2018-04-11 18:34:25][Vz75gZBsb8h5eM7dQajIQ2u2Fbsi1Iph] Processing: Asgard\Listeners\DiscordAccessCheck
[2018-04-11 18:34:25][Vz75gZBsb8h5eM7dQajIQ2u2Fbsi1Iph] Processed:  Asgard\Listeners\DiscordAccessCheck
[2018-04-11 18:34:25][vtIu4fkFP9z7AA1S3q4zBEZhHgiIOtrY] Processing: Asgard\Jobs\Eve\Character\Location
[2018-04-11 18:34:27][vtIu4fkFP9z7AA1S3q4zBEZhHgiIOtrY] Processed:  Asgard\Jobs\Eve\Character\Location
[2018-04-11 18:34:27][XQR5PnT2JloCQRKx3hjd9LCCbHmWjDSj] Processing: Asgard\Jobs\Eve\Character\Status
[2018-04-11 18:34:29][XQR5PnT2JloCQRKx3hjd9LCCbHmWjDSj] Processed:  Asgard\Jobs\Eve\Character\Status
[2018-04-11 18:34:29][IfHUuhLU3ZjD7YW5SFZJvFpQ8zRvs4D2] Processing: Asgard\Jobs\Eve\Character\Skills
[2018-04-11 18:34:30][IfHUuhLU3ZjD7YW5SFZJvFpQ8zRvs4D2] Processed:  Asgard\Jobs\Eve\Character\Skills
[2018-04-11 18:34:30][W2DhSbTAa1YMZVKj6xXo2F7RCRDCGmuk] Processing: Asgard\Jobs\Eve\Character\Skillqueue
[2018-04-11 18:34:31][W2DhSbTAa1YMZVKj6xXo2F7RCRDCGmuk] Processed:  Asgard\Jobs\Eve\Character\Skillqueue
[2018-04-11 18:34:31][0pg50YkPt6icUqc2bVnZ9uz6fT7AasaN] Processing: Asgard\Jobs\Eve\Character\CorporationHistory
[2018-04-11 18:34:32][0pg50YkPt6icUqc2bVnZ9uz6fT7AasaN] Processed:  Asgard\Jobs\Eve\Character\CorporationHistory
[2018-04-11 18:34:32][VVfkh6rAfc4Fk1siLiDBV1FIIOCTohIp] Processing: Asgard\Jobs\Eve\Character\Fatigue
[2018-04-11 18:34:33][VVfkh6rAfc4Fk1siLiDBV1FIIOCTohIp] Processed:  Asgard\Jobs\Eve\Character\Fatigue
[2018-04-11 18:34:33][tO0HsonBcVrJIE9tCaSTPMQiHGhmssm3] Processing: Asgard\Jobs\Eve\Character\CorporationRoles
[2018-04-11 18:34:33][tO0HsonBcVrJIE9tCaSTPMQiHGhmssm3] Processed:  Asgard\Jobs\Eve\Character\CorporationRoles
[2018-04-11 18:34:33][LqG6N4SCsvOwGqG4FqG8XxyUWkxbmKur] Processing: Asgard\Jobs\Eve\Character\Titles
[2018-04-11 18:34:34][LqG6N4SCsvOwGqG4FqG8XxyUWkxbmKur] Processed:  Asgard\Jobs\Eve\Character\Titles
[2018-04-11 18:34:34][HcHqBPkB7jjdPJL09qhw56J34iaJS0XA] Processing: Asgard\Jobs\Eve\Character\Contacts
[2018-04-11 18:34:37][HcHqBPkB7jjdPJL09qhw56J34iaJS0XA] Processed:  Asgard\Jobs\Eve\Character\Contacts
[2018-04-11 18:34:37][ATnn4aqv8duk8h0vKflAjBa6U4RqOBQx] Processing: Asgard\Jobs\Eve\Character\Assets
[2018-04-11 18:34:46][ATnn4aqv8duk8h0vKflAjBa6U4RqOBQx] Processed:  Asgard\Jobs\Eve\Character\Assets
[2018-04-11 18:34:46][ma1i7DhrTcfMR3VcnRhr02k8p2SGzPzw] Processing: Asgard\Jobs\Eve\Character\Mails
[2018-04-11 18:34:51][ma1i7DhrTcfMR3VcnRhr02k8p2SGzPzw] Failed:     Asgard\Jobs\Eve\Character\Mails
[2018-04-11 18:41:28][qd1a8NQAu6Q9hrBcXt3zUiuVR3GZFdEQ] Processing: Asgard\Listeners\RedditAccessCheck
[2018-04-11 18:41:28][CYYjIN39kotIfRkuJOKYm0whTInO4gRb] Processing: Asgard\Listeners\DiscordAccessCheck
[2018-04-11 18:41:28][qd1a8NQAu6Q9hrBcXt3zUiuVR3GZFdEQ] Processed:  Asgard\Listeners\RedditAccessCheck
[2018-04-11 18:41:28][CYYjIN39kotIfRkuJOKYm0whTInO4gRb] Processed:  Asgard\Listeners\DiscordAccessCheck
[2018-04-11 18:41:28][R52iYuynWOTUgphtxPhsMujuv2oZMoIZ] Processing: Asgard\Listeners\RedditAccessCheck
[2018-04-11 18:41:28][R52iYuynWOTUgphtxPhsMujuv2oZMoIZ] Processed:  Asgard\Listeners\RedditAccessCheck
[2018-04-11 18:41:28][XNRgq2yy9msbBvNJwR63Mdnvw08QcVaN] Processing: Asgard\Listeners\DiscordAccessCheck
[2018-04-11 18:41:28][XNRgq2yy9msbBvNJwR63Mdnvw08QcVaN] Processed:  Asgard\Listeners\DiscordAccessCheck
[2018-04-11 18:44:16][4cRUgbX0763pAB93vmYgtL6OAaF7iYBZ] Processing: Asgard\Listeners\RedditAccessCheck
[2018-04-11 18:44:16][4cRUgbX0763pAB93vmYgtL6OAaF7iYBZ] Failed:     Asgard\Listeners\RedditAccessCheck
[2018-04-11 18:44:16][nWsygwAWetlLdpdRKg2DMKcs25g4VVmY] Processing: Asgard\Listeners\DiscordAccessCheck
[2018-04-11 18:44:16][nWsygwAWetlLdpdRKg2DMKcs25g4VVmY] Failed:     Asgard\Listeners\DiscordAccessCheck
[2018-04-11 18:44:16][vGxG1mokxChbiUNpgoC9LR5gvcYa9wK5] Processing: Asgard\Jobs\Update\InitialCharacterSetup
[2018-04-11 18:44:16][vGxG1mokxChbiUNpgoC9LR5gvcYa9wK5] Failed:     Asgard\Jobs\Update\InitialCharacterSetup
[2018-04-11 18:49:18][C9m85BbEmfPA7SLGz5cxoVlbVvEWKflQ] Processing: Asgard\Listeners\RedditAccessCheck
[2018-04-11 18:49:18][C9m85BbEmfPA7SLGz5cxoVlbVvEWKflQ] Failed:     Asgard\Listeners\RedditAccessCheck
[2018-04-11 18:49:18][ZYGpr1lmPK2kLyYxUlOOORi7wWPjIiyl] Processing: Asgard\Listeners\DiscordAccessCheck
[2018-04-11 18:49:18][ZYGpr1lmPK2kLyYxUlOOORi7wWPjIiyl] Failed:     Asgard\Listeners\DiscordAccessCheck
[2018-04-11 18:49:18][sVhCSk8BEE2pTjzLG4c2kuNQrK2yTRZn] Processing: Asgard\Jobs\Update\InitialCharacterSetup
[2018-04-11 18:49:18][sVhCSk8BEE2pTjzLG4c2kuNQrK2yTRZn] Failed:     Asgard\Jobs\Update\InitialCharacterSetup
[2018-04-11 18:53:17][uD2XdTOzZ1Xpijaxyxi7I1f5LeimTG9A] Processing: Asgard\Listeners\RedditAccessCheck
[2018-04-11 18:53:17][uD2XdTOzZ1Xpijaxyxi7I1f5LeimTG9A] Failed:     Asgard\Listeners\RedditAccessCheck
[2018-04-11 18:53:17][kAsMkhlWGTlOg1SzD34hdKPoT7ty8m8v] Processing: Asgard\Listeners\DiscordAccessCheck
[2018-04-11 18:53:17][kAsMkhlWGTlOg1SzD34hdKPoT7ty8m8v] Failed:     Asgard\Listeners\DiscordAccessCheck
[2018-04-11 18:53:17][3oaRffNQ5N3KofdPaNdwxC12MQgCcKym] Processing: Asgard\Jobs\Update\InitialCharacterSetup
[2018-04-11 18:53:17][3oaRffNQ5N3KofdPaNdwxC12MQgCcKym] Failed:     Asgard\Jobs\Update\InitialCharacterSetup
[2018-04-12 10:01:16][B5sTtSnYDjHflaED3FKbHc42OJkj0roz] Processing: Asgard\Listeners\RedditAccessCheck
[2018-04-12 10:01:17][B5sTtSnYDjHflaED3FKbHc42OJkj0roz] Failed:     Asgard\Listeners\RedditAccessCheck
[2018-04-12 10:01:17][O4RJNgLQprl581lhHIslidRydYp5wyVm] Processing: Asgard\Listeners\DiscordAccessCheck
[2018-04-12 10:01:17][O4RJNgLQprl581lhHIslidRydYp5wyVm] Failed:     Asgard\Listeners\DiscordAccessCheck
[2018-04-12 10:01:17][240kkRbuWiFULR66Ef1CZARK69wq3kaV] Processing: Asgard\Jobs\Update\InitialCharacterSetup
[2018-04-12 10:01:17][240kkRbuWiFULR66Ef1CZARK69wq3kaV] Failed:     Asgard\Jobs\Update\InitialCharacterSetup
[2018-04-12 10:01:32][L5HG7rv6Up8K2T8h2yeo0QX2E5K1dqvC] Processing: Asgard\Listeners\RedditAccessCheck
[2018-04-12 10:01:32][L5HG7rv6Up8K2T8h2yeo0QX2E5K1dqvC] Failed:     Asgard\Listeners\RedditAccessCheck
[2018-04-12 10:01:32][8cwFkqCI0OrmbIgq6mVr7KzBPfQRFSuF] Processing: Asgard\Listeners\DiscordAccessCheck
[2018-04-12 10:01:32][8cwFkqCI0OrmbIgq6mVr7KzBPfQRFSuF] Failed:     Asgard\Listeners\DiscordAccessCheck
[2018-04-12 10:01:32][cCRulkuEu3Ql8630BUb3rAh1vKx50Z64] Processing: Asgard\Jobs\Update\InitialCharacterSetup
[2018-04-12 10:01:32][cCRulkuEu3Ql8630BUb3rAh1vKx50Z64] Failed:     Asgard\Jobs\Update\InitialCharacterSetup
[2018-04-12 10:29:40][3hsBorDN74YiVEC1EpRsbhVv7TZV3UW6] Processing: Asgard\Listeners\RedditAccessCheck
[2018-04-12 10:29:40][oS7GugqfO7MysyBwWI2A1QEMqHeH2522] Processing: Asgard\Listeners\DiscordAccessCheck
[2018-04-12 10:29:40][oS7GugqfO7MysyBwWI2A1QEMqHeH2522] Failed:     Asgard\Listeners\DiscordAccessCheck
[2018-04-12 10:29:40][3hsBorDN74YiVEC1EpRsbhVv7TZV3UW6] Failed:     Asgard\Listeners\RedditAccessCheck
[2018-04-12 10:30:32][kfREmFsDT4BYwXrUUGfrVPW6UPq3BxrV] Processing: Asgard\Listeners\RedditAccessCheck
[2018-04-12 10:30:32][kfREmFsDT4BYwXrUUGfrVPW6UPq3BxrV] Processed:  Asgard\Listeners\RedditAccessCheck
[2018-04-12 10:30:32][Gm5LbocDXdqYkDuFI5auJNeQxNTkZ3jc] Processing: Asgard\Listeners\DiscordAccessCheck
[2018-04-12 10:30:32][Gm5LbocDXdqYkDuFI5auJNeQxNTkZ3jc] Processed:  Asgard\Listeners\DiscordAccessCheck
[2018-04-12 10:30:33][a28t8CroGK4Pd1P7geC6swXs1c2vegMv] Processing: Asgard\Listeners\RedditAccessCheck
[2018-04-12 10:30:33][a28t8CroGK4Pd1P7geC6swXs1c2vegMv] Processed:  Asgard\Listeners\RedditAccessCheck
[2018-04-12 10:30:33][czlhHlJ6PGzRir5x1jUdNMsmcdyIkzpD] Processing: Asgard\Listeners\DiscordAccessCheck
[2018-04-12 10:30:33][czlhHlJ6PGzRir5x1jUdNMsmcdyIkzpD] Processed:  Asgard\Listeners\DiscordAccessCheck
[2018-04-12 10:31:07][lGUxYtElJsltu5kgFZweTedkrnTaI5iF] Processing: Asgard\Listeners\RedditAccessCheck
[2018-04-12 10:31:07][lGUxYtElJsltu5kgFZweTedkrnTaI5iF] Failed:     Asgard\Listeners\RedditAccessCheck
[2018-04-12 10:31:07][JZ16pEjpj6n0WLTS9GblZqd1aVaI4zNB] Processing: Asgard\Listeners\DiscordAccessCheck
[2018-04-12 10:31:07][JZ16pEjpj6n0WLTS9GblZqd1aVaI4zNB] Failed:     Asgard\Listeners\DiscordAccessCheck
[2018-04-12 10:33:55][m2TGDyF3NosKTW9BBgJArH6gGiEoQeC6] Processing: Asgard\Listeners\RedditAccessCheck
[2018-04-12 10:33:55][m2TGDyF3NosKTW9BBgJArH6gGiEoQeC6] Failed:     Asgard\Listeners\RedditAccessCheck
[2018-04-12 10:33:55][oppfMh6fKsKwMvjRCeia6R9oH0DcHv96] Processing: Asgard\Listeners\DiscordAccessCheck
[2018-04-12 10:33:55][oppfMh6fKsKwMvjRCeia6R9oH0DcHv96] Failed:     Asgard\Listeners\DiscordAccessCheck
[2018-04-12 10:35:52][b4ZNcocDLuQqDNb5n8c7Rlapnlixo7hw] Processing: Asgard\Listeners\RedditAccessCheck
[2018-04-12 10:35:52][b4ZNcocDLuQqDNb5n8c7Rlapnlixo7hw] Failed:     Asgard\Listeners\RedditAccessCheck
[2018-04-12 10:35:52][NrhcxOu9hLWjOic9pu6TE0lVnbZkR0Um] Processing: Asgard\Listeners\DiscordAccessCheck
[2018-04-12 10:35:52][NrhcxOu9hLWjOic9pu6TE0lVnbZkR0Um] Failed:     Asgard\Listeners\DiscordAccessCheck
[2018-04-12 10:36:24][uYLtNUjihyNH2XUOzuXRsJyZfgxIJcra] Processing: Asgard\Listeners\RedditAccessCheck
[2018-04-12 10:36:24][uYLtNUjihyNH2XUOzuXRsJyZfgxIJcra] Processed:  Asgard\Listeners\RedditAccessCheck
[2018-04-12 10:36:24][lp9KRfqqsqnQs9yaIWPempVJbyvZo75W] Processing: Asgard\Listeners\DiscordAccessCheck
[2018-04-12 10:36:24][lp9KRfqqsqnQs9yaIWPempVJbyvZo75W] Processed:  Asgard\Listeners\DiscordAccessCheck
[2018-04-12 10:36:24][6p3Ok1dRqsyZSrcqjs9f2ri38CTLGXjA] Processing: Asgard\Listeners\RedditAccessCheck
[2018-04-12 10:36:24][6p3Ok1dRqsyZSrcqjs9f2ri38CTLGXjA] Processed:  Asgard\Listeners\RedditAccessCheck
[2018-04-12 10:36:24][CeFJJuu9Yfi56xBnOL0jzyhDw7ERN2eR] Processing: Asgard\Listeners\DiscordAccessCheck
[2018-04-12 10:36:24][CeFJJuu9Yfi56xBnOL0jzyhDw7ERN2eR] Processed:  Asgard\Listeners\DiscordAccessCheck
[2018-04-12 10:42:10][REwXbdIONdhh1cTudlZfMaH7RjUsuo5t] Processing: Asgard\Jobs\Update\Character
[2018-04-12 10:42:10][REwXbdIONdhh1cTudlZfMaH7RjUsuo5t] Processed:  Asgard\Jobs\Update\Character
[2018-04-12 10:42:10][H2wTrViRCz5g0QE9aF23ZpoNFKofLpLF] Processing: Asgard\Jobs\Eve\Character\Location
[2018-04-12 10:42:12][GelS8rAIMm002jPg7caDaIJtYtCfYG9K] Processing: Asgard\Listeners\RedditAccessCheck
[2018-04-12 10:42:12][GelS8rAIMm002jPg7caDaIJtYtCfYG9K] Processed:  Asgard\Listeners\RedditAccessCheck
[2018-04-12 10:42:12][GACpoEKJUQSfuBL7FR2k3b0C7n5PvxWd] Processing: Asgard\Listeners\DiscordAccessCheck
[2018-04-12 10:42:12][GACpoEKJUQSfuBL7FR2k3b0C7n5PvxWd] Processed:  Asgard\Listeners\DiscordAccessCheck
[2018-04-12 10:42:12][SfgA4ojvpTX7CFXJTUWq5lwe6XiIWSOy] Processing: Asgard\Listeners\RedditAccessCheck
[2018-04-12 10:42:12][SfgA4ojvpTX7CFXJTUWq5lwe6XiIWSOy] Processed:  Asgard\Listeners\RedditAccessCheck
[2018-04-12 10:42:12][Sgs81wdb6dOk0USMyfk6jJvhFfOrp8Hw] Processing: Asgard\Listeners\DiscordAccessCheck
[2018-04-12 10:42:12][Sgs81wdb6dOk0USMyfk6jJvhFfOrp8Hw] Processed:  Asgard\Listeners\DiscordAccessCheck
[2018-04-12 10:42:12][Yld6ZDHb1lxzfb6Gt80hAD49ssntHAAE] Processing: Asgard\Listeners\RedditAccessCheck
[2018-04-12 10:42:12][Yld6ZDHb1lxzfb6Gt80hAD49ssntHAAE] Processed:  Asgard\Listeners\RedditAccessCheck
[2018-04-12 10:42:12][mNQJwQBNQefQc59M7rBu8qc9v9llzB52] Processing: Asgard\Listeners\DiscordAccessCheck
[2018-04-12 10:42:12][mNQJwQBNQefQc59M7rBu8qc9v9llzB52] Processed:  Asgard\Listeners\DiscordAccessCheck
[2018-04-12 10:42:13][H2wTrViRCz5g0QE9aF23ZpoNFKofLpLF] Processed:  Asgard\Jobs\Eve\Character\Location
[2018-04-12 10:42:13][gcAKTTKK6blsJCGNFBid3cCHZJasm5lh] Processing: Asgard\Jobs\Eve\Character\Status
[2018-04-12 10:42:13][gcAKTTKK6blsJCGNFBid3cCHZJasm5lh] Processed:  Asgard\Jobs\Eve\Character\Status
[2018-04-12 10:42:13][337LcORsPGPISqSJUzenSqXWN2I1Nu78] Processing: Asgard\Jobs\Eve\Character\Skills
[2018-04-12 10:42:14][337LcORsPGPISqSJUzenSqXWN2I1Nu78] Processed:  Asgard\Jobs\Eve\Character\Skills
[2018-04-12 10:42:14][tzylbVXj31nCi2DD8UsPXeXzFBCeS8LU] Processing: Asgard\Jobs\Eve\Character\Skillqueue
[2018-04-12 10:42:15][tzylbVXj31nCi2DD8UsPXeXzFBCeS8LU] Processed:  Asgard\Jobs\Eve\Character\Skillqueue
[2018-04-12 10:42:15][kQR2DJH9TJw0jLEreRRgEdTFNJqCC0w4] Processing: Asgard\Jobs\Eve\Character\CorporationHistory
[2018-04-12 10:42:17][kQR2DJH9TJw0jLEreRRgEdTFNJqCC0w4] Processed:  Asgard\Jobs\Eve\Character\CorporationHistory
[2018-04-12 10:42:17][pOHAEjAjGnAnAHk5LuhCDlhBNxeGIhjN] Processing: Asgard\Jobs\Eve\Character\Fatigue
[2018-04-12 10:42:17][pOHAEjAjGnAnAHk5LuhCDlhBNxeGIhjN] Processed:  Asgard\Jobs\Eve\Character\Fatigue
[2018-04-12 10:42:17][bvhf6jWk4pYCRLD3O7o9aMwRxG1RC3qF] Processing: Asgard\Jobs\Eve\Character\CorporationRoles
[2018-04-12 10:42:18][bvhf6jWk4pYCRLD3O7o9aMwRxG1RC3qF] Processed:  Asgard\Jobs\Eve\Character\CorporationRoles
[2018-04-12 10:42:18][9nSQffiTFMBiToGGFvpmOX5TWBqOFcIq] Processing: Asgard\Jobs\Eve\Character\Titles
[2018-04-12 10:42:18][9nSQffiTFMBiToGGFvpmOX5TWBqOFcIq] Processed:  Asgard\Jobs\Eve\Character\Titles
[2018-04-12 10:42:18][M8RLNlayUy4xrpsp89VqafcepJKA0uO6] Processing: Asgard\Jobs\Eve\Character\Contacts
[2018-04-12 10:42:26][M8RLNlayUy4xrpsp89VqafcepJKA0uO6] Processed:  Asgard\Jobs\Eve\Character\Contacts
[2018-04-12 10:42:26][kxMROdrZvAeFWsGuPZIjxTgVGmnbP4Rd] Processing: Asgard\Jobs\Eve\Character\Assets
[2018-04-12 10:42:34][kxMROdrZvAeFWsGuPZIjxTgVGmnbP4Rd] Processed:  Asgard\Jobs\Eve\Character\Assets
[2018-04-12 10:42:34][eU7dBG16XMdJktEv1XoBD2GE8fws0XCL] Processing: Asgard\Jobs\Eve\Character\Mails
[2018-04-12 10:42:40][eU7dBG16XMdJktEv1XoBD2GE8fws0XCL] Failed:     Asgard\Jobs\Eve\Character\Mails
[2018-04-12 10:47:31][9U4TEN5W9hJxHyiFr3dfkCEB9wLkPWKd] Processing: Asgard\Jobs\Update\Character
[2018-04-12 10:47:31][9U4TEN5W9hJxHyiFr3dfkCEB9wLkPWKd] Processed:  Asgard\Jobs\Update\Character
[2018-04-12 10:47:31][qq97O7HIC3eGAcJHER2N1lN8JEUvXfGh] Processing: Asgard\Jobs\Eve\Character\Location
[2018-04-12 10:47:31][XUJSFrBbvfuNhj0o0Y44xDqG90KQN40f] Processing: Asgard\Jobs\Eve\Character\Status
[2018-04-12 10:47:31][Lol5xOVR0LQCMsllgPnYfDJsC6epxNxo] Processing: Asgard\Jobs\Eve\Character\Skills
[2018-04-12 10:47:31][V8PErrWWEFeslHCOgF3lTE0PVvOc0Z2q] Processing: Asgard\Jobs\Eve\Character\Skillqueue
[2018-04-12 10:47:32][XUJSFrBbvfuNhj0o0Y44xDqG90KQN40f] Processed:  Asgard\Jobs\Eve\Character\Status
[2018-04-12 10:47:32][6Fhs5Z7WCzEaD1xjYesaPGj8An4WMQwJ] Processing: Asgard\Jobs\Eve\Character\CorporationHistory
[2018-04-12 10:47:32][Lol5xOVR0LQCMsllgPnYfDJsC6epxNxo] Processed:  Asgard\Jobs\Eve\Character\Skills
[2018-04-12 10:47:32][SLVobEqWxnIWPKx2i40DaZYtzK6hjImv] Processing: Asgard\Jobs\Eve\Character\Fatigue
[2018-04-12 10:47:32][V8PErrWWEFeslHCOgF3lTE0PVvOc0Z2q] Processed:  Asgard\Jobs\Eve\Character\Skillqueue
[2018-04-12 10:47:32][1NtvtcLFr0GjoB1jH2iOvsXynxiTE0XE] Processing: Asgard\Jobs\Eve\Character\CorporationRoles
[2018-04-12 10:47:32][qq97O7HIC3eGAcJHER2N1lN8JEUvXfGh] Processed:  Asgard\Jobs\Eve\Character\Location
[2018-04-12 10:47:32][ncDN1YQ7EBVtCtNNdzU0Ru7DhESYQ9Xn] Processing: Asgard\Jobs\Eve\Character\Titles
[2018-04-12 10:47:33][1NtvtcLFr0GjoB1jH2iOvsXynxiTE0XE] Processed:  Asgard\Jobs\Eve\Character\CorporationRoles
[2018-04-12 10:47:33][y53r2FropnIddv8BfeqGeqGp380AjXA7] Processing: Asgard\Jobs\Eve\Character\Contacts
[2018-04-12 10:47:33][6Fhs5Z7WCzEaD1xjYesaPGj8An4WMQwJ] Processed:  Asgard\Jobs\Eve\Character\CorporationHistory
[2018-04-12 10:47:33][LNOe9TcjLoS6hQ55s4oGqNhCCipV1sXJ] Processing: Asgard\Jobs\Eve\Character\Assets
[2018-04-12 10:47:33][ncDN1YQ7EBVtCtNNdzU0Ru7DhESYQ9Xn] Processed:  Asgard\Jobs\Eve\Character\Titles
[2018-04-12 10:47:33][7NyA2FbryzHYaJLokL8IsTgAx7vxSdwJ] Processing: Asgard\Jobs\Eve\Character\Mails
[2018-04-12 10:47:33][SLVobEqWxnIWPKx2i40DaZYtzK6hjImv] Processed:  Asgard\Jobs\Eve\Character\Fatigue
[2018-04-12 10:47:33][5NTkzMmlrBbTWBsiEs3HVQIeVvgunpLn] Processing: Asgard\Jobs\Eve\Character\Wallet
[2018-04-12 10:47:34][5NTkzMmlrBbTWBsiEs3HVQIeVvgunpLn] Processed:  Asgard\Jobs\Eve\Character\Wallet
[2018-04-12 10:47:34][ZluFpXL46JcUO17yjYT7BxHfITqwgtjV] Processing: Asgard\Jobs\Eve\Character\Journal
[2018-04-12 10:47:35][ZluFpXL46JcUO17yjYT7BxHfITqwgtjV] Processed:  Asgard\Jobs\Eve\Character\Journal
[2018-04-12 10:47:35][lBuAamIxwpLY73TFCZJDlMONaeepYGjl] Processing: Asgard\Jobs\Eve\Character\Transactions
[2018-04-12 10:47:36][lBuAamIxwpLY73TFCZJDlMONaeepYGjl] Processed:  Asgard\Jobs\Eve\Character\Transactions
[2018-04-12 10:47:36][INmDxX4dB5QVugWhR2f0vRmkCwZrdLzP] Processing: Asgard\Listeners\RedditAccessCheck
[2018-04-12 10:47:36][INmDxX4dB5QVugWhR2f0vRmkCwZrdLzP] Processed:  Asgard\Listeners\RedditAccessCheck
[2018-04-12 10:47:36][KIbeFi6n5I0FmwGCoicSORxqZl5RCtMC] Processing: Asgard\Listeners\DiscordAccessCheck
[2018-04-12 10:47:36][KIbeFi6n5I0FmwGCoicSORxqZl5RCtMC] Processed:  Asgard\Listeners\DiscordAccessCheck
[2018-04-12 10:47:36][7NlJpPH27zYddw988x3Qb2KxE4bONlMw] Processing: Asgard\Listeners\RedditAccessCheck
[2018-04-12 10:47:36][7NlJpPH27zYddw988x3Qb2KxE4bONlMw] Processed:  Asgard\Listeners\RedditAccessCheck
[2018-04-12 10:47:36][xytJH344OxkBPhYAKJndDVOOB2IRQDB7] Processing: Asgard\Listeners\DiscordAccessCheck
[2018-04-12 10:47:36][xytJH344OxkBPhYAKJndDVOOB2IRQDB7] Processed:  Asgard\Listeners\DiscordAccessCheck
[2018-04-12 10:47:36][DvS5zV4Wlm3JI8ty0pZEl5SE50taeWZ8] Processing: Asgard\Listeners\RedditAccessCheck
[2018-04-12 10:47:36][DvS5zV4Wlm3JI8ty0pZEl5SE50taeWZ8] Processed:  Asgard\Listeners\RedditAccessCheck
[2018-04-12 10:47:36][6NovgJEUOlqgbuMFH6lvsLPSAYkqtym5] Processing: Asgard\Listeners\DiscordAccessCheck
[2018-04-12 10:47:36][6NovgJEUOlqgbuMFH6lvsLPSAYkqtym5] Processed:  Asgard\Listeners\DiscordAccessCheck
[2018-04-12 10:47:36][y53r2FropnIddv8BfeqGeqGp380AjXA7] Processed:  Asgard\Jobs\Eve\Character\Contacts
[2018-04-12 10:47:37][7NyA2FbryzHYaJLokL8IsTgAx7vxSdwJ] Failed:     Asgard\Jobs\Eve\Character\Mails
[2018-04-12 10:47:40][LNOe9TcjLoS6hQ55s4oGqNhCCipV1sXJ] Processed:  Asgard\Jobs\Eve\Character\Assets
[2018-04-12 10:51:01][fSygiHTPH1o0cS1lgqLiZdhEhQw4QIWy] Processing: Asgard\Jobs\Eve\Character\Location
[2018-04-12 10:51:02][lkKwx5TE8hZtyKd1cfYVm0zbb5VqIzCV] Processing: Asgard\Jobs\Eve\Character\Location
[2018-04-12 10:51:03][fSygiHTPH1o0cS1lgqLiZdhEhQw4QIWy] Processed:  Asgard\Jobs\Eve\Character\Location
[2018-04-12 10:51:03][HLbD4go9iKsXPh8s0Phl4K2JhbYllZva] Processing: Eyewitness\Eye\Queue\Jobs\Sonar
[2018-04-12 10:51:03][HLbD4go9iKsXPh8s0Phl4K2JhbYllZva] Processed:  Eyewitness\Eye\Queue\Jobs\Sonar
[2018-04-12 10:51:03][Lj5LDmuxjfVgh0rMr1PWN5otWJAL2qVq] Processing: Eyewitness\Eye\Queue\Jobs\Sonar
[2018-04-12 10:51:03][Lj5LDmuxjfVgh0rMr1PWN5otWJAL2qVq] Processed:  Eyewitness\Eye\Queue\Jobs\Sonar
[2018-04-12 10:51:03][QOVBlXzLUbgNVvdbJgV8n7FuvCnTguOH] Processing: Asgard\Jobs\Eve\Character\Status
[2018-04-12 10:51:03][lkKwx5TE8hZtyKd1cfYVm0zbb5VqIzCV] Processed:  Asgard\Jobs\Eve\Character\Location
[2018-04-12 10:51:03][ZKHR0IpQMJhWPc7IQbaYfSLRyemo8Vzb] Processing: Asgard\Jobs\Eve\Character\Status
[2018-04-12 10:51:03][QOVBlXzLUbgNVvdbJgV8n7FuvCnTguOH] Processed:  Asgard\Jobs\Eve\Character\Status
[2018-04-12 10:51:03][CCDzgw0dIbw5GSJFjHyXV9HrwcZAhZNX] Processing: Eyewitness\Eye\Queue\Jobs\Sonar
[2018-04-12 10:51:03][4ba706U9RegJMS54cSiCNTsRnFeDVA0h] Processing: Eyewitness\Eye\Queue\Jobs\Sonar
[2018-04-12 10:51:03][4ba706U9RegJMS54cSiCNTsRnFeDVA0h] Processed:  Eyewitness\Eye\Queue\Jobs\Sonar
[2018-04-12 10:51:03][CCDzgw0dIbw5GSJFjHyXV9HrwcZAhZNX] Processed:  Eyewitness\Eye\Queue\Jobs\Sonar
[2018-04-12 10:51:04][ZKHR0IpQMJhWPc7IQbaYfSLRyemo8Vzb] Processed:  Asgard\Jobs\Eve\Character\Status
[2018-04-12 10:52:04][xH7t6KVzzEtQPx3VoSQ6l8zp1quTShQ0] Processing: Eyewitness\Eye\Queue\Jobs\Sonar
[2018-04-12 10:52:04][xH7t6KVzzEtQPx3VoSQ6l8zp1quTShQ0] Processed:  Eyewitness\Eye\Queue\Jobs\Sonar
[2018-04-12 10:52:04][dXxghqsbQWtXrvnwTjRjL0dpHBKGQnbc] Processing: Eyewitness\Eye\Queue\Jobs\Sonar
[2018-04-12 10:52:04][KrhtPfShIBFgJIWqrpXECh7x9MzxccE6] Processing: Asgard\Jobs\Eve\Character\Location
[2018-04-12 10:52:04][dXxghqsbQWtXrvnwTjRjL0dpHBKGQnbc] Processed:  Eyewitness\Eye\Queue\Jobs\Sonar
[2018-04-12 10:52:04][e60wMLDUj5bH7lfpTkIrXr1cE97gmStW] Processing: Asgard\Jobs\Eve\Character\Location
[2018-04-12 10:52:04][XsoHZlSvPCSVnpDNLQ8lywdoUvrVO2Wc] Processing: Asgard\Jobs\Eve\Character\Status
[2018-04-12 10:52:04][3goHMJewAaQMXkXZ6SVKqoV7WEUaaYa1] Processing: Asgard\Jobs\Eve\Character\Status
[2018-04-12 10:52:04][3goHMJewAaQMXkXZ6SVKqoV7WEUaaYa1] Processed:  Asgard\Jobs\Eve\Character\Status
[2018-04-12 10:52:04][OtBazMzF0eSvXw6bya4czO5fwSU0XSJH] Processing: Eyewitness\Eye\Queue\Jobs\Sonar
[2018-04-12 10:52:04][OtBazMzF0eSvXw6bya4czO5fwSU0XSJH] Processed:  Eyewitness\Eye\Queue\Jobs\Sonar
[2018-04-12 10:52:04][8iTVwKcgSFQSHBwVZTyjGxUixbPInW4B] Processing: Eyewitness\Eye\Queue\Jobs\Sonar
[2018-04-12 10:52:04][8iTVwKcgSFQSHBwVZTyjGxUixbPInW4B] Processed:  Eyewitness\Eye\Queue\Jobs\Sonar
[2018-04-12 10:52:05][XsoHZlSvPCSVnpDNLQ8lywdoUvrVO2Wc] Failed:     Asgard\Jobs\Eve\Character\Status
[2018-04-12 10:52:05][KrhtPfShIBFgJIWqrpXECh7x9MzxccE6] Processed:  Asgard\Jobs\Eve\Character\Location
[2018-04-12 10:52:05][e60wMLDUj5bH7lfpTkIrXr1cE97gmStW] Processed:  Asgard\Jobs\Eve\Character\Location
[2018-04-12 10:53:02][oRPD4mziwln1fPLFEltyLEH4ajUwd9Lm] Processing: Asgard\Jobs\Eve\Character\Location
[2018-04-12 10:53:02][k0g2LlOiHjafwgqgKl1vMj6upQTAPMnq] Processing: Asgard\Jobs\Eve\Character\Location
[2018-04-12 10:53:02][pSPQEL5Wrikp0NOs8X4ECaYnHazotkjL] Processing: Eyewitness\Eye\Queue\Jobs\Sonar
[2018-04-12 10:53:02][pSPQEL5Wrikp0NOs8X4ECaYnHazotkjL] Processed:  Eyewitness\Eye\Queue\Jobs\Sonar
[2018-04-12 10:53:02][cfuFebkpoHL6feaOV1lnBtmJw3u3tTNw] Processing: Eyewitness\Eye\Queue\Jobs\Sonar
[2018-04-12 10:53:02][CriCl8x28TE8AfcHIeODkQ1C0r8od8lq] Processing: Asgard\Jobs\Eve\Character\Status
[2018-04-12 10:53:02][cfuFebkpoHL6feaOV1lnBtmJw3u3tTNw] Processed:  Eyewitness\Eye\Queue\Jobs\Sonar
[2018-04-12 10:53:02][20JN1W9li3ePw6agHHdvNd37MZbIXOBg] Processing: Asgard\Jobs\Eve\Character\Status
[2018-04-12 10:53:02][20JN1W9li3ePw6agHHdvNd37MZbIXOBg] Processed:  Asgard\Jobs\Eve\Character\Status
[2018-04-12 10:53:02][MeJA9zP1xXGhVbEvhTYOlzieM1heEIOv] Processing: Eyewitness\Eye\Queue\Jobs\Sonar
[2018-04-12 10:53:02][MeJA9zP1xXGhVbEvhTYOlzieM1heEIOv] Processed:  Eyewitness\Eye\Queue\Jobs\Sonar
[2018-04-12 10:53:02][FuaXDpubMroHk7PUKkoWtS8wQTB95ICf] Processing: Eyewitness\Eye\Queue\Jobs\Sonar
[2018-04-12 10:53:02][FuaXDpubMroHk7PUKkoWtS8wQTB95ICf] Processed:  Eyewitness\Eye\Queue\Jobs\Sonar
[2018-04-12 10:53:02][CriCl8x28TE8AfcHIeODkQ1C0r8od8lq] Failed:     Asgard\Jobs\Eve\Character\Status
[2018-04-12 10:53:03][k0g2LlOiHjafwgqgKl1vMj6upQTAPMnq] Processed:  Asgard\Jobs\Eve\Character\Location
[2018-04-12 10:53:03][oRPD4mziwln1fPLFEltyLEH4ajUwd9Lm] Processed:  Asgard\Jobs\Eve\Character\Location
[2018-04-12 10:54:03][smv0tfK0hr4K6L69W5xiU7ALzd9jDDuP] Processing: Eyewitness\Eye\Queue\Jobs\Sonar
[2018-04-12 10:54:03][smv0tfK0hr4K6L69W5xiU7ALzd9jDDuP] Processed:  Eyewitness\Eye\Queue\Jobs\Sonar
[2018-04-12 10:54:03][ENhk2tx08z4qxPfNd7Z0wvVBPLLXsi5r] Processing: Eyewitness\Eye\Queue\Jobs\Sonar
[2018-04-12 10:54:03][ENhk2tx08z4qxPfNd7Z0wvVBPLLXsi5r] Processed:  Eyewitness\Eye\Queue\Jobs\Sonar
[2018-04-12 10:54:03][4lgYXCDmqMlvXglZj2DtuHumGe39ZRAr] Processing: Asgard\Jobs\Eve\Character\Location
[2018-04-12 10:54:03][kayfsJpHnhNgsR0fmsOqmqRoQcPdt9oo] Processing: Asgard\Jobs\Eve\Character\Location
[2018-04-12 10:54:03][RLbN5PMRsTrhiZGRCb0ebG6DXerfchSE] Processing: Asgard\Jobs\Eve\Character\Status
[2018-04-12 10:54:03][oAZHHEKMWO9IDXCFQWvjsFOaFQ2aUAZ3] Processing: Asgard\Jobs\Eve\Character\Status
[2018-04-12 10:54:04][oAZHHEKMWO9IDXCFQWvjsFOaFQ2aUAZ3] Processed:  Asgard\Jobs\Eve\Character\Status
[2018-04-12 10:54:04][42bPDEnssvSO922ed6xcZ2oGKnL7vj2E] Processing: Eyewitness\Eye\Queue\Jobs\Sonar
[2018-04-12 10:54:04][42bPDEnssvSO922ed6xcZ2oGKnL7vj2E] Processed:  Eyewitness\Eye\Queue\Jobs\Sonar
[2018-04-12 10:54:04][dJRsPxWl52MRufPKXWxIqjP4OGeuJweI] Processing: Eyewitness\Eye\Queue\Jobs\Sonar
[2018-04-12 10:54:04][dJRsPxWl52MRufPKXWxIqjP4OGeuJweI] Processed:  Eyewitness\Eye\Queue\Jobs\Sonar
[2018-04-12 10:54:04][RLbN5PMRsTrhiZGRCb0ebG6DXerfchSE] Failed:     Asgard\Jobs\Eve\Character\Status
[2018-04-12 10:54:04][4lgYXCDmqMlvXglZj2DtuHumGe39ZRAr] Processed:  Asgard\Jobs\Eve\Character\Location
[2018-04-12 10:54:04][kayfsJpHnhNgsR0fmsOqmqRoQcPdt9oo] Processed:  Asgard\Jobs\Eve\Character\Location
[2018-04-12 10:55:04][pWRwJILnLO94a558znvEihdcmqIgZrym] Processing: Eyewitness\Eye\Queue\Jobs\Sonar
[2018-04-12 10:55:04][pWRwJILnLO94a558znvEihdcmqIgZrym] Processed:  Eyewitness\Eye\Queue\Jobs\Sonar
[2018-04-12 10:55:04][SpBLQwtuE7nMtqz8cMSHcoE5YLZH5mTk] Processing: Eyewitness\Eye\Queue\Jobs\Sonar
[2018-04-12 10:55:04][SpBLQwtuE7nMtqz8cMSHcoE5YLZH5mTk] Processed:  Eyewitness\Eye\Queue\Jobs\Sonar
[2018-04-12 10:55:04][Lr1lpc3f4RhENaDw7wtxQ0QBlInpnKYl] Processing: Asgard\Jobs\Eve\Character\Location
[2018-04-12 10:55:04][APXQiCsBpsOyZ9Bq4DaafDKQEgzJKl2K] Processing: Asgard\Jobs\Eve\Character\Location
[2018-04-12 10:55:04][WrvRsW3kJdBwyzQ2xyAfWgTKWbWCukZG] Processing: Asgard\Jobs\Eve\Character\Status
[2018-04-12 10:55:04][id2Raoclz7vHzyzi6ZbFS3N2xz8wkPEx] Processing: Asgard\Jobs\Eve\Character\Status
[2018-04-12 10:55:04][WrvRsW3kJdBwyzQ2xyAfWgTKWbWCukZG] Failed:     Asgard\Jobs\Eve\Character\Status
[2018-04-12 10:55:04][6P9HSmdDIEI9Jg2XExLrOxRanpRFLXYN] Processing: Eyewitness\Eye\Queue\Jobs\Sonar
[2018-04-12 10:55:04][6P9HSmdDIEI9Jg2XExLrOxRanpRFLXYN] Processed:  Eyewitness\Eye\Queue\Jobs\Sonar
[2018-04-12 10:55:04][Z3np874VSNQFWAdghzc6joR0nsXUL4qi] Processing: Eyewitness\Eye\Queue\Jobs\Sonar
[2018-04-12 10:55:04][Z3np874VSNQFWAdghzc6joR0nsXUL4qi] Processed:  Eyewitness\Eye\Queue\Jobs\Sonar
[2018-04-12 10:55:05][id2Raoclz7vHzyzi6ZbFS3N2xz8wkPEx] Processed:  Asgard\Jobs\Eve\Character\Status
[2018-04-12 10:55:05][APXQiCsBpsOyZ9Bq4DaafDKQEgzJKl2K] Processed:  Asgard\Jobs\Eve\Character\Location
[2018-04-12 10:55:05][Lr1lpc3f4RhENaDw7wtxQ0QBlInpnKYl] Processed:  Asgard\Jobs\Eve\Character\Location
[2018-04-12 10:56:01][HR2CdJMOht83p7DBjhGmaWo6jcZ0Abya] Processing: Eyewitness\Eye\Queue\Jobs\Sonar
[2018-04-12 10:56:01][HR2CdJMOht83p7DBjhGmaWo6jcZ0Abya] Processed:  Eyewitness\Eye\Queue\Jobs\Sonar
[2018-04-12 10:56:02][NJVg2ZWFm0NJayEggaEcH8a3vg9FSa2i] Processing: Eyewitness\Eye\Queue\Jobs\Sonar
[2018-04-12 10:56:02][NJVg2ZWFm0NJayEggaEcH8a3vg9FSa2i] Processed:  Eyewitness\Eye\Queue\Jobs\Sonar
[2018-04-12 10:56:02][3wFGe060Ryq7ZlhkqzyJR8cSJgusADTW] Processing: Asgard\Jobs\Eve\Character\Location
[2018-04-12 10:56:02][PhEb1TRl0aiDAarEzq95Gq71uZh5aNal] Processing: Asgard\Jobs\Eve\Character\Location
[2018-04-12 10:56:02][VimjELxJ2y31O9WIHeNZgLMrdzHn2UhP] Processing: Asgard\Jobs\Eve\Character\Status
[2018-04-12 10:56:02][OoSiBHaEAcVsZlbYhRh7jocYxHZL3abb] Processing: Asgard\Jobs\Eve\Character\Status
[2018-04-12 10:56:02][VimjELxJ2y31O9WIHeNZgLMrdzHn2UhP] Failed:     Asgard\Jobs\Eve\Character\Status
[2018-04-12 10:56:02][pvTyswyXK1cZfetnJ9ZhfBXilFy38ddV] Processing: Eyewitness\Eye\Queue\Jobs\Sonar
[2018-04-12 10:56:02][pvTyswyXK1cZfetnJ9ZhfBXilFy38ddV] Processed:  Eyewitness\Eye\Queue\Jobs\Sonar
[2018-04-12 10:56:02][3SMPqNSifLsdZOEBHhzhJwdTEk6JENC4] Processing: Eyewitness\Eye\Queue\Jobs\Sonar
[2018-04-12 10:56:02][3SMPqNSifLsdZOEBHhzhJwdTEk6JENC4] Processed:  Eyewitness\Eye\Queue\Jobs\Sonar
[2018-04-12 10:56:03][OoSiBHaEAcVsZlbYhRh7jocYxHZL3abb] Processed:  Asgard\Jobs\Eve\Character\Status
[2018-04-12 10:56:03][3wFGe060Ryq7ZlhkqzyJR8cSJgusADTW] Processed:  Asgard\Jobs\Eve\Character\Location
[2018-04-12 10:56:03][PhEb1TRl0aiDAarEzq95Gq71uZh5aNal] Processed:  Asgard\Jobs\Eve\Character\Location
[2018-04-12 10:57:03][U9aq5CKzKdu1dlLl7P5PYaLXsanTii2x] Processing: Eyewitness\Eye\Queue\Jobs\Sonar
[2018-04-12 10:57:03][U9aq5CKzKdu1dlLl7P5PYaLXsanTii2x] Processed:  Eyewitness\Eye\Queue\Jobs\Sonar
[2018-04-12 10:57:03][SPFnZfyWRg9E77eoR2LZtszOhzZq0jTy] Processing: Eyewitness\Eye\Queue\Jobs\Sonar
[2018-04-12 10:57:03][SPFnZfyWRg9E77eoR2LZtszOhzZq0jTy] Processed:  Eyewitness\Eye\Queue\Jobs\Sonar
[2018-04-12 10:57:03][CJs7nLReAuYNIc0HkHxQ85lxvDaBRFcm] Processing: Asgard\Jobs\Eve\Character\Location
[2018-04-12 10:57:03][HbLTc1jHTovexTU5EYaNW8XOOs2BLVvr] Processing: Asgard\Jobs\Eve\Character\Location
[2018-04-12 10:57:03][ecF552ABF4jWXKlJsXReeSM8d0S77TSN] Processing: Asgard\Jobs\Eve\Character\Status
[2018-04-12 10:57:03][qaXOBWubINuWW1Jcy0tCf7s7QMbcHvmF] Processing: Asgard\Jobs\Eve\Character\Status
[2018-04-12 10:57:04][ecF552ABF4jWXKlJsXReeSM8d0S77TSN] Failed:     Asgard\Jobs\Eve\Character\Status
[2018-04-12 10:57:04][vYjCkLIhoNW5bxDWHd3Sq0kZciFfp6zP] Processing: Eyewitness\Eye\Queue\Jobs\Sonar
[2018-04-12 10:57:04][vYjCkLIhoNW5bxDWHd3Sq0kZciFfp6zP] Processed:  Eyewitness\Eye\Queue\Jobs\Sonar
[2018-04-12 10:57:04][vBJ76k6FTPLK5BOe4V39qOzWDClGohJE] Processing: Eyewitness\Eye\Queue\Jobs\Sonar
[2018-04-12 10:57:04][vBJ76k6FTPLK5BOe4V39qOzWDClGohJE] Processed:  Eyewitness\Eye\Queue\Jobs\Sonar
[2018-04-12 10:57:04][qaXOBWubINuWW1Jcy0tCf7s7QMbcHvmF] Processed:  Asgard\Jobs\Eve\Character\Status
[2018-04-12 10:57:04][CJs7nLReAuYNIc0HkHxQ85lxvDaBRFcm] Processed:  Asgard\Jobs\Eve\Character\Location
[2018-04-12 10:57:04][HbLTc1jHTovexTU5EYaNW8XOOs2BLVvr] Processed:  Asgard\Jobs\Eve\Character\Location
[2018-04-12 10:58:04][B0yBLPbnCpUJcfmV6nnjPHppShvc0XoX] Processing: Eyewitness\Eye\Queue\Jobs\Sonar
[2018-04-12 10:58:04][B0yBLPbnCpUJcfmV6nnjPHppShvc0XoX] Processed:  Eyewitness\Eye\Queue\Jobs\Sonar
[2018-04-12 10:58:04][r60Tk8ftw1cLdCkEsjMvtLpkfDqfCxL1] Processing: Eyewitness\Eye\Queue\Jobs\Sonar
[2018-04-12 10:58:04][r60Tk8ftw1cLdCkEsjMvtLpkfDqfCxL1] Processed:  Eyewitness\Eye\Queue\Jobs\Sonar
[2018-04-12 10:58:04][EuZxNqeZiF6NwG0Iipm4ZXdvtC9Egkka] Processing: Asgard\Jobs\Eve\Character\Location
[2018-04-12 10:58:04][GW26j2hQDtHf6ig7M5PtYyOuouwrD2eu] Processing: Asgard\Jobs\Eve\Character\Location
[2018-04-12 10:58:04][l7Bm8Y2htswPrDEuYWULbUmDDqyfWojE] Processing: Asgard\Jobs\Eve\Character\Status
[2018-04-12 10:58:04][v3Ga1H35QG6UxAdiRhRFa0No8H2wgjQb] Processing: Asgard\Jobs\Eve\Character\Status
[2018-04-12 10:58:05][l7Bm8Y2htswPrDEuYWULbUmDDqyfWojE] Failed:     Asgard\Jobs\Eve\Character\Status
[2018-04-12 10:58:05][PBazLAGjQGzIWFoAgiHrVzU6slMkUkLn] Processing: Eyewitness\Eye\Queue\Jobs\Sonar
[2018-04-12 10:58:05][PBazLAGjQGzIWFoAgiHrVzU6slMkUkLn] Processed:  Eyewitness\Eye\Queue\Jobs\Sonar
[2018-04-12 10:58:05][NLUjj6gdnBpz2QTp3EYD5jYNeJ0Rz91U] Processing: Eyewitness\Eye\Queue\Jobs\Sonar
[2018-04-12 10:58:05][NLUjj6gdnBpz2QTp3EYD5jYNeJ0Rz91U] Processed:  Eyewitness\Eye\Queue\Jobs\Sonar
[2018-04-12 10:58:05][v3Ga1H35QG6UxAdiRhRFa0No8H2wgjQb] Processed:  Asgard\Jobs\Eve\Character\Status
[2018-04-12 10:58:05][EuZxNqeZiF6NwG0Iipm4ZXdvtC9Egkka] Processed:  Asgard\Jobs\Eve\Character\Location
[2018-04-12 10:58:05][GW26j2hQDtHf6ig7M5PtYyOuouwrD2eu] Processed:  Asgard\Jobs\Eve\Character\Location
[2018-04-12 10:59:02][iF7AWXlyPotAMoPReGSgtr7yZAzrSsGa] Processing: Eyewitness\Eye\Queue\Jobs\Sonar
[2018-04-12 10:59:02][iF7AWXlyPotAMoPReGSgtr7yZAzrSsGa] Processed:  Eyewitness\Eye\Queue\Jobs\Sonar
[2018-04-12 10:59:02][bKyZvF4hGzey8QkcnyVpgs05syeysck1] Processing: Eyewitness\Eye\Queue\Jobs\Sonar
[2018-04-12 10:59:02][bKyZvF4hGzey8QkcnyVpgs05syeysck1] Processed:  Eyewitness\Eye\Queue\Jobs\Sonar
[2018-04-12 10:59:02][IsMVnE7RlxNs4QG0Byl8V0eCdDeT1e9W] Processing: Asgard\Jobs\Eve\Character\Location
[2018-04-12 10:59:02][Oy1LSsQVsw5PoKllQHOv5nfwqOT93xcX] Processing: Asgard\Jobs\Eve\Character\Location
[2018-04-12 10:59:02][8VpvH4V3BDOaGjdArzHUMTFWHwjONumS] Processing: Asgard\Jobs\Eve\Character\Status
[2018-04-12 10:59:02][8VpvH4V3BDOaGjdArzHUMTFWHwjONumS] Failed:     Asgard\Jobs\Eve\Character\Status
[2018-04-12 10:59:02][sRXNQzzV6iFfTJzJQvtoWYIoNyNgDUso] Processing: Asgard\Jobs\Eve\Character\Status
[2018-04-12 10:59:02][ShhP9R2vUZ4A1yiYdwgKWqC9LOLXX9iK] Processing: Eyewitness\Eye\Queue\Jobs\Sonar
[2018-04-12 10:59:03][ShhP9R2vUZ4A1yiYdwgKWqC9LOLXX9iK] Processed:  Eyewitness\Eye\Queue\Jobs\Sonar
[2018-04-12 10:59:03][M3QNdzPdS0BFpi6B4DjGrjnYjcRGRavF] Processing: Eyewitness\Eye\Queue\Jobs\Sonar
[2018-04-12 10:59:03][M3QNdzPdS0BFpi6B4DjGrjnYjcRGRavF] Processed:  Eyewitness\Eye\Queue\Jobs\Sonar
[2018-04-12 10:59:03][sRXNQzzV6iFfTJzJQvtoWYIoNyNgDUso] Processed:  Asgard\Jobs\Eve\Character\Status
[2018-04-12 10:59:04][Oy1LSsQVsw5PoKllQHOv5nfwqOT93xcX] Processed:  Asgard\Jobs\Eve\Character\Location
[2018-04-12 10:59:04][IsMVnE7RlxNs4QG0Byl8V0eCdDeT1e9W] Processed:  Asgard\Jobs\Eve\Character\Location
[2018-04-12 11:00:03][vHHpGf1zMLvPQlYGZ4zBfFWDP8dKh1P8] Processing: Eyewitness\Eye\Queue\Jobs\Sonar
[2018-04-12 11:00:03][vHHpGf1zMLvPQlYGZ4zBfFWDP8dKh1P8] Processed:  Eyewitness\Eye\Queue\Jobs\Sonar
[2018-04-12 11:00:03][nroKVx2AiEBXYp7HaQOJdS2TWThVbvra] Processing: Eyewitness\Eye\Queue\Jobs\Sonar
[2018-04-12 11:00:03][nroKVx2AiEBXYp7HaQOJdS2TWThVbvra] Processed:  Eyewitness\Eye\Queue\Jobs\Sonar
[2018-04-12 11:00:03][35hhNupHIVM5dPmxC73kdgIhQRkVqJ5H] Processing: Eyewitness\Eye\Queue\Jobs\Sonar
[2018-04-12 11:00:03][35hhNupHIVM5dPmxC73kdgIhQRkVqJ5H] Processed:  Eyewitness\Eye\Queue\Jobs\Sonar
[2018-04-12 11:00:03][5KqPHgrcITV6woNYjMkdDjtXjwvUZvDH] Processing: Eyewitness\Eye\Queue\Jobs\Sonar
[2018-04-12 11:00:03][5KqPHgrcITV6woNYjMkdDjtXjwvUZvDH] Processed:  Eyewitness\Eye\Queue\Jobs\Sonar
